<?xml version="1.0" encoding="UTF-8"?>
<!-- Generated by org.testng.reporters.JUnitXMLReporter -->
<testsuite hostname="hp-PC" name="Registration test" tests="3" failures="0" timestamp="10 Nov 2017 06:18:49 GMT" time="78.159" errors="0">
  <testcase name="loginWithInvalidUserDeatils" time="5.958" classname="tests.LoginTest"/>
  <testcase name="loginWithValidUserDetails" time="12.629" classname="tests.LoginTest"/>
  <testcase name="openEdconsolebrowser" time="45.66" classname="tests.LoginTest"/>
</testsuite> <!-- Registration test -->
